<?xml version="1.0" encoding="UTF-8"?>
<!-- Generated by org.testng.reporters.JUnitReportReporter -->
<testsuite skipped="0" hostname="Testing-PC" name="com.computechis.unittests.ExcelLibraryUnitTest" tests="1" failures="0" timestamp="2020-12-29T07:53:33 IST" time="6.604" errors="0">
  <testcase name="testExcelLib" time="6.604" classname="com.computechis.unittests.ExcelLibraryUnitTest"/>
  <system-out/>
</testsuite> <!-- com.computechis.unittests.ExcelLibraryUnitTest -->
