<?xml version="1.0" encoding="UTF-8"?>
<!-- Generated by org.testng.reporters.JUnitReportReporter -->
<testsuite skipped="0" hostname="Testing-PC" name="com.computechis.unittests.TestBrowserFactoryUnitTest" tests="1" failures="0" timestamp="30 Dec 2020 01:52:22 GMT" time="12.542" errors="0">
  <testcase name="testBrowser" time="12.542" classname="com.computechis.unittests.TestBrowserFactoryUnitTest"/>
</testsuite> <!-- com.computechis.unittests.TestBrowserFactoryUnitTest -->
