<?xml version="1.0" encoding="UTF-8"?>
<!-- Generated by org.testng.reporters.JUnitReportReporter -->
<testsuite skipped="0" hostname="Testing-PC" name="com.computechis.unittests.DataProviderFactory" tests="1" failures="0" timestamp="2020-12-24T08:13:44 IST" time="0.792" errors="0">
  <testcase name="testExcelLib" time="0.792" classname="com.computechis.unittests.DataProviderFactory"/>
  <system-out/>
</testsuite> <!-- com.computechis.unittests.DataProviderFactory -->
