<?xml version="1.0" encoding="UTF-8"?>
<!-- Generated by org.testng.reporters.JUnitReportReporter -->
<testsuite skipped="0" hostname="Testing-PC" name="com.computechis.unittests.ConfigProviderUnitTest" tests="1" failures="0" timestamp="2020-12-29T07:56:16 IST" time="0.010" errors="0">
  <testcase name="testConfigLib" time="0.010" classname="com.computechis.unittests.ConfigProviderUnitTest"/>
  <system-out/>
</testsuite> <!-- com.computechis.unittests.ConfigProviderUnitTest -->
