<?xml version="1.0" encoding="UTF-8"?>
<!-- Generated by org.testng.reporters.JUnitReportReporter -->
<testsuite skipped="0" hostname="Testing-PC" name="com.computechis.testcases.LoginTestDDF" tests="1" failures="0" timestamp="06 Jan 2021 13:23:25 GMT" time="4.722" errors="0">
  <testcase name="login" time="4.722" classname="com.computechis.testcases.LoginTestDDF"/>
</testsuite> <!-- com.computechis.testcases.LoginTestDDF -->
