<?xml version="1.0" encoding="UTF-8"?>
<!-- Generated by org.testng.reporters.JUnitReportReporter -->
<testsuite skipped="0" hostname="Testing-PC" name="com.computechis.testcases.LogoutHRMTest" tests="1" failures="0" timestamp="31 Dec 2020 02:34:37 GMT" time="19.077" errors="0">
  <testcase name="logout" time="19.077" classname="com.computechis.testcases.LogoutHRMTest"/>
</testsuite> <!-- com.computechis.testcases.LogoutHRMTest -->
