<?xml version="1.0" encoding="UTF-8"?>
<!-- Generated by org.testng.reporters.JUnitReportReporter -->
<testsuite skipped="0" hostname="Testing-PC" name="com.computechis.testcases.LoginHRMTest" tests="1" failures="0" timestamp="11 Jan 2021 03:24:02 GMT" time="13.648" errors="0">
  <testcase name="login" time="13.648" classname="com.computechis.testcases.LoginHRMTest"/>
</testsuite> <!-- com.computechis.testcases.LoginHRMTest -->
