<?xml version="1.0" encoding="UTF-8"?>
<!-- Generated by org.testng.reporters.JUnitReportReporter -->
<testsuite skipped="0" hostname="Testing-PC" name="com.computechis.testcases.LoginTestDDF2" tests="1" failures="0" timestamp="09 Jan 2021 04:46:06 GMT" time="9.582" errors="0">
  <testcase name="login" time="9.582" classname="com.computechis.testcases.LoginTestDDF2"/>
</testsuite> <!-- com.computechis.testcases.LoginTestDDF2 -->
