<?xml version="1.0" encoding="UTF-8"?>
<!-- Generated by org.testng.reporters.JUnitReportReporter -->
<testsuite skipped="0" hostname="Testing-PC" name="com.computechis.testcases.LoginHRMTest" tests="1" failures="0" timestamp="19 Jan 2021 02:15:08 GMT" time="11.431" errors="0">
  <testcase name="login" time="11.431" classname="com.computechis.testcases.LoginHRMTest"/>
</testsuite> <!-- com.computechis.testcases.LoginHRMTest -->
